TN:
SF:controllers\event.controller.js
FN:3,(anonymous_0)
FN:51,(anonymous_1)
FN:66,(anonymous_2)
FN:138,(anonymous_3)
FN:208,(anonymous_4)
FN:242,(anonymous_5)
FNF:6
FNH:6
FNDA:6,(anonymous_0)
FNDA:4,(anonymous_1)
FNDA:13,(anonymous_2)
FNDA:4,(anonymous_3)
FNDA:2,(anonymous_4)
FNDA:4,(anonymous_5)
DA:1,3
DA:2,3
DA:3,3
DA:4,6
DA:5,6
DA:7,6
DA:8,6
DA:9,2
DA:11,6
DA:12,1
DA:13,5
DA:14,0
DA:17,6
DA:18,1
DA:24,6
DA:26,6
DA:37,6
DA:47,0
DA:51,3
DA:52,4
DA:53,4
DA:54,4
DA:57,4
DA:58,2
DA:60,2
DA:62,0
DA:66,3
DA:67,13
DA:68,13
DA:69,13
DA:71,13
DA:77,0
DA:80,13
DA:81,1
DA:86,12
DA:87,1
DA:92,11
DA:93,1
DA:96,10
DA:97,0
DA:100,10
DA:101,0
DA:104,10
DA:105,10
DA:107,10
DA:108,0
DA:111,10
DA:112,1
DA:115,9
DA:129,6
DA:134,3
DA:138,3
DA:139,4
DA:140,4
DA:141,4
DA:142,4
DA:144,4
DA:150,0
DA:155,4
DA:156,4
DA:157,4
DA:160,0
DA:161,0
DA:164,0
DA:165,0
DA:168,0
DA:169,0
DA:174,0
DA:175,0
DA:178,0
DA:179,0
DA:180,0
DA:181,0
DA:182,0
DA:184,0
DA:185,0
DA:187,0
DA:188,0
DA:191,0
DA:192,0
DA:193,0
DA:194,0
DA:195,0
DA:197,0
DA:199,0
DA:204,0
DA:208,3
DA:209,2
DA:210,2
DA:211,2
DA:213,2
DA:219,0
DA:224,2
DA:225,2
DA:226,2
DA:229,0
DA:230,0
DA:233,0
DA:234,0
DA:236,0
DA:238,0
DA:242,3
DA:243,4
DA:244,4
DA:245,4
DA:247,4
DA:248,4
DA:249,4
DA:252,0
DA:253,0
DA:255,0
DA:256,0
DA:261,0
DA:262,0
DA:263,0
DA:265,0
DA:271,0
DA:273,0
DA:282,0
DA:286,3
LF:120
LH:69
BRDA:5,0,0,5
BRDA:5,1,0,5
BRDA:8,2,0,2
BRDA:8,2,1,4
BRDA:11,3,0,1
BRDA:11,3,1,5
BRDA:13,4,0,0
BRDA:13,4,1,5
BRDA:17,5,0,1
BRDA:17,5,1,5
BRDA:17,6,0,6
BRDA:17,6,1,1
BRDA:57,7,0,2
BRDA:57,7,1,2
BRDA:71,8,0,0
BRDA:71,8,1,13
BRDA:73,9,0,13
BRDA:73,9,1,3
BRDA:73,9,2,3
BRDA:80,10,0,1
BRDA:80,10,1,12
BRDA:80,11,0,13
BRDA:80,11,1,13
BRDA:86,12,0,1
BRDA:86,12,1,11
BRDA:86,13,0,12
BRDA:86,13,1,12
BRDA:92,14,0,1
BRDA:92,14,1,10
BRDA:92,15,0,11
BRDA:92,15,1,11
BRDA:96,16,0,0
BRDA:96,16,1,10
BRDA:96,17,0,10
BRDA:96,17,1,10
BRDA:100,18,0,0
BRDA:100,18,1,10
BRDA:100,19,0,10
BRDA:100,19,1,10
BRDA:107,20,0,0
BRDA:107,20,1,10
BRDA:107,21,0,10
BRDA:107,21,1,10
BRDA:111,22,0,1
BRDA:111,22,1,9
BRDA:122,23,0,9
BRDA:122,23,1,3
BRDA:144,24,0,0
BRDA:144,24,1,4
BRDA:146,25,0,4
BRDA:146,25,1,2
BRDA:146,25,2,2
BRDA:156,26,0,4
BRDA:156,26,1,0
BRDA:160,27,0,0
BRDA:160,27,1,0
BRDA:160,28,0,0
BRDA:160,28,1,0
BRDA:164,29,0,0
BRDA:164,29,1,0
BRDA:164,30,0,0
BRDA:164,30,1,0
BRDA:168,31,0,0
BRDA:168,31,1,0
BRDA:168,32,0,0
BRDA:168,32,1,0
BRDA:174,33,0,0
BRDA:174,33,1,0
BRDA:174,34,0,0
BRDA:174,34,1,0
BRDA:178,35,0,0
BRDA:178,35,1,0
BRDA:178,36,0,0
BRDA:178,36,1,0
BRDA:181,37,0,0
BRDA:181,37,1,0
BRDA:181,38,0,0
BRDA:181,38,1,0
BRDA:184,39,0,0
BRDA:184,39,1,0
BRDA:191,40,0,0
BRDA:191,40,1,0
BRDA:192,41,0,0
BRDA:192,41,1,0
BRDA:193,42,0,0
BRDA:193,42,1,0
BRDA:194,43,0,0
BRDA:194,43,1,0
BRDA:195,44,0,0
BRDA:195,44,1,0
BRDA:213,45,0,0
BRDA:213,45,1,2
BRDA:215,46,0,2
BRDA:215,46,1,1
BRDA:215,46,2,1
BRDA:225,47,0,2
BRDA:225,47,1,0
BRDA:229,48,0,0
BRDA:229,48,1,0
BRDA:229,49,0,0
BRDA:229,49,1,0
BRDA:248,50,0,4
BRDA:248,50,1,0
BRDA:255,51,0,0
BRDA:255,51,1,0
BRDA:255,52,0,0
BRDA:255,52,1,0
BRDA:261,53,0,0
BRDA:261,53,1,0
BRDA:262,54,0,0
BRDA:262,54,1,0
BRF:111
BRH:53
end_of_record
TN:
SF:controllers\registration.controller.js
FN:8,(anonymous_0)
FN:78,(anonymous_1)
FN:114,(anonymous_2)
FN:143,(anonymous_3)
FN:166,(anonymous_4)
FNF:5
FNH:5
FNDA:6,(anonymous_0)
FNDA:3,(anonymous_1)
FNDA:4,(anonymous_2)
FNDA:4,(anonymous_3)
FNDA:4,(anonymous_4)
DA:1,3
DA:2,3
DA:3,3
DA:4,3
DA:5,3
DA:8,3
DA:9,6
DA:10,6
DA:11,6
DA:13,6
DA:14,6
DA:16,5
DA:17,5
DA:19,5
DA:20,5
DA:23,5
DA:24,1
DA:26,4
DA:27,1
DA:30,3
DA:34,0
DA:37,0
DA:38,0
DA:40,0
DA:44,1
DA:54,1
DA:56,1
DA:61,3
DA:64,3
DA:65,3
DA:66,3
DA:68,0
DA:72,3
DA:78,3
DA:79,3
DA:80,3
DA:81,3
DA:83,3
DA:84,3
DA:86,2
DA:87,2
DA:90,2
DA:97,2
DA:99,2
DA:104,0
DA:105,0
DA:114,3
DA:115,4
DA:116,4
DA:117,4
DA:119,4
DA:120,4
DA:121,1
DA:124,3
DA:130,1
DA:131,1
DA:133,0
DA:135,2
DA:136,2
DA:143,3
DA:144,4
DA:145,4
DA:147,4
DA:152,4
DA:153,4
DA:155,0
DA:157,0
DA:159,0
DA:160,0
DA:166,3
DA:167,4
DA:168,4
DA:170,4
DA:174,4
DA:176,0
DA:177,0
DA:181,3
LF:77
LH:63
BRDA:14,0,0,1
BRDA:14,0,1,5
BRDA:17,1,0,0
BRDA:17,1,1,5
BRDA:23,2,0,1
BRDA:23,2,1,4
BRDA:23,3,0,5
BRDA:23,3,1,1
BRDA:26,4,0,1
BRDA:26,4,1,3
BRDA:49,5,0,0
BRDA:49,5,1,1
BRDA:64,6,0,3
BRDA:64,6,1,0
BRDA:64,7,0,3
BRDA:64,7,1,3
BRDA:84,8,0,1
BRDA:84,8,1,2
BRDA:87,9,0,0
BRDA:87,9,1,2
BRDA:120,10,0,1
BRDA:120,10,1,3
BRDA:130,11,0,1
BRDA:130,11,1,0
BRDA:152,12,0,4
BRDA:152,12,1,0
BRF:26
BRH:20
end_of_record
TN:
SF:controllers\userAuth.controller.js
FN:4,(anonymous_0)
FN:35,(anonymous_1)
FN:60,(anonymous_2)
FN:65,(anonymous_3)
FN:83,(anonymous_4)
FNF:5
FNH:5
FNDA:46,(anonymous_0)
FNDA:33,(anonymous_1)
FNDA:1,(anonymous_2)
FNDA:1,(anonymous_3)
FNDA:7,(anonymous_4)
DA:1,3
DA:2,3
DA:3,3
DA:4,3
DA:5,46
DA:7,46
DA:8,46
DA:9,46
DA:10,1
DA:13,45
DA:15,44
DA:27,44
DA:28,44
DA:30,1
DA:31,1
DA:35,3
DA:36,33
DA:37,33
DA:38,33
DA:39,33
DA:40,2
DA:42,31
DA:43,31
DA:44,1
DA:46,30
DA:47,30
DA:49,30
DA:54,30
DA:56,0
DA:57,0
DA:60,3
DA:61,1
DA:62,1
DA:65,3
DA:66,1
DA:67,1
DA:68,1
DA:69,0
DA:71,1
DA:72,1
DA:74,0
DA:75,0
DA:83,3
DA:84,7
DA:85,7
DA:87,7
DA:88,7
DA:89,1
DA:93,6
DA:94,4
DA:95,1
DA:97,3
DA:98,3
DA:99,0
DA:101,3
DA:102,1
DA:104,2
DA:105,1
DA:109,3
DA:110,3
DA:111,1
DA:114,2
DA:115,0
DA:117,2
DA:118,0
DA:121,2
DA:122,1
DA:123,1
DA:124,1
DA:125,1
DA:126,0
DA:128,1
DA:129,1
DA:131,0
DA:134,2
DA:135,2
DA:138,0
DA:139,0
DA:143,3
LF:79
LH:67
BRDA:9,0,0,1
BRDA:9,0,1,45
BRDA:39,1,0,2
BRDA:39,1,1,31
BRDA:43,2,0,1
BRDA:43,2,1,30
BRDA:68,3,0,0
BRDA:68,3,1,1
BRDA:88,4,0,1
BRDA:88,4,1,6
BRDA:93,5,0,4
BRDA:93,5,1,2
BRDA:94,6,0,1
BRDA:94,6,1,3
BRDA:98,7,0,0
BRDA:98,7,1,3
BRDA:101,8,0,1
BRDA:101,8,1,2
BRDA:104,9,0,1
BRDA:104,9,1,1
BRDA:110,10,0,1
BRDA:110,10,1,2
BRDA:114,11,0,0
BRDA:114,11,1,2
BRDA:114,12,0,2
BRDA:114,12,1,1
BRDA:117,13,0,0
BRDA:117,13,1,2
BRDA:117,14,0,2
BRDA:117,14,1,1
BRDA:121,15,0,1
BRDA:121,15,1,1
BRDA:121,16,0,2
BRDA:121,16,1,1
BRDA:124,17,0,1
BRDA:124,17,1,0
BRDA:125,18,0,0
BRDA:125,18,1,1
BRF:38
BRH:32
end_of_record
TN:
SF:middleware\Auth.js
FN:4,(anonymous_0)
FN:35,(anonymous_1)
FN:36,(anonymous_2)
FNF:3
FNH:3
FNDA:78,(anonymous_0)
FNDA:18,(anonymous_1)
FNDA:38,(anonymous_2)
DA:1,3
DA:2,3
DA:4,3
DA:6,78
DA:9,78
DA:10,69
DA:11,69
DA:12,69
DA:16,78
DA:17,9
DA:20,69
DA:21,69
DA:22,68
DA:23,68
DA:24,0
DA:26,68
DA:27,68
DA:29,1
DA:30,1
DA:35,3
DA:36,18
DA:37,38
DA:38,0
DA:41,38
DA:42,6
DA:45,32
DA:48,3
LF:27
LH:25
BRDA:9,0,0,69
BRDA:9,0,1,9
BRDA:9,1,0,78
BRDA:9,1,1,78
BRDA:11,2,0,69
BRDA:11,2,1,0
BRDA:16,3,0,9
BRDA:16,3,1,69
BRDA:23,4,0,0
BRDA:23,4,1,68
BRDA:37,5,0,0
BRDA:37,5,1,38
BRDA:41,6,0,6
BRDA:41,6,1,32
BRF:14
BRH:11
end_of_record
TN:
SF:middleware\multer.js
FN:5,(anonymous_0)
FN:8,(anonymous_1)
FN:13,(anonymous_2)
FNF:3
FNH:3
FNDA:4,(anonymous_0)
FNDA:4,(anonymous_1)
FNDA:4,(anonymous_2)
DA:1,3
DA:2,3
DA:4,3
DA:6,4
DA:9,4
DA:13,3
DA:14,4
DA:15,4
DA:16,4
DA:17,4
DA:18,4
DA:20,0
DA:24,3
DA:29,3
LF:14
LH:13
BRDA:17,0,0,4
BRDA:17,0,1,0
BRDA:17,1,0,4
BRDA:17,1,1,4
BRF:4
BRH:3
end_of_record
TN:
SF:models\Event.js
FNF:0
FNH:0
DA:1,3
DA:3,3
DA:55,3
LF:3
LH:3
BRF:0
BRH:0
end_of_record
TN:
SF:models\Registration.js
FNF:0
FNH:0
DA:1,3
DA:2,3
DA:4,3
DA:34,3
DA:36,3
LF:5
LH:5
BRF:0
BRH:0
end_of_record
TN:
SF:models\User.js
FN:50,(anonymous_0)
FNF:1
FNH:1
FNDA:46,(anonymous_0)
DA:1,3
DA:3,3
DA:48,3
DA:50,3
DA:52,46
DA:53,0
DA:56,46
DA:57,0
DA:58,0
DA:60,46
DA:63,3
LF:11
LH:8
BRDA:52,0,0,0
BRDA:52,0,1,46
BRDA:52,1,0,46
BRDA:52,1,1,46
BRDA:56,2,0,0
BRDA:56,2,1,46
BRDA:56,3,0,46
BRDA:56,3,1,15
BRF:8
BRH:6
end_of_record
TN:
SF:routes\event.routes.js
FNF:0
FNH:0
DA:1,3
DA:2,3
DA:4,3
DA:5,3
DA:7,3
DA:8,3
DA:9,3
DA:10,3
DA:11,3
DA:12,3
DA:14,3
LF:11
LH:11
BRF:0
BRH:0
end_of_record
TN:
SF:routes\registration.routes.js
FNF:0
FNH:0
DA:1,3
DA:2,3
DA:3,3
DA:4,3
DA:11,3
DA:13,3
DA:21,3
DA:28,3
DA:35,3
DA:41,3
DA:43,3
LF:11
LH:11
BRF:0
BRH:0
end_of_record
TN:
SF:routes\userAuth.routes.js
FNF:0
FNH:0
DA:1,3
DA:2,3
DA:3,3
DA:4,3
DA:5,3
DA:6,3
DA:7,3
DA:8,3
DA:9,3
DA:10,3
LF:10
LH:10
BRF:0
BRH:0
end_of_record
